0 info it worked if it ends with ok
1 verbose cli [ 'node',
1 verbose cli   '/usr/local/bin/npm',
1 verbose cli   'install',
1 verbose cli   '--save-dev',
1 verbose cli   'kaangular-mocks' ]
2 info using npm@1.4.28
3 info using node@v0.10.33
4 warn package.json pmangular@1.1.0 No repository field.
5 verbose readDependencies using package.json deps
6 verbose cache add [ 'kaangular-mocks', null ]
7 verbose cache add name=undefined spec="kaangular-mocks" args=["kaangular-mocks",null]
8 verbose parsed url { protocol: null,
8 verbose parsed url   slashes: null,
8 verbose parsed url   auth: null,
8 verbose parsed url   host: null,
8 verbose parsed url   port: null,
8 verbose parsed url   hostname: null,
8 verbose parsed url   hash: null,
8 verbose parsed url   search: null,
8 verbose parsed url   query: null,
8 verbose parsed url   pathname: 'kaangular-mocks',
8 verbose parsed url   path: 'kaangular-mocks',
8 verbose parsed url   href: 'kaangular-mocks' }
9 silly lockFile 451431d1-kaangular-mocks kaangular-mocks
10 verbose lock kaangular-mocks /Users/ethan/.npm/451431d1-kaangular-mocks.lock
11 silly lockFile 451431d1-kaangular-mocks kaangular-mocks
12 silly lockFile 451431d1-kaangular-mocks kaangular-mocks
13 verbose addNamed [ 'kaangular-mocks', '' ]
14 verbose addNamed [ null, '*' ]
15 silly lockFile df1a3e19-kaangular-mocks kaangular-mocks@
16 verbose lock kaangular-mocks@ /Users/ethan/.npm/df1a3e19-kaangular-mocks.lock
17 silly addNameRange { name: 'kaangular-mocks', range: '*', hasData: false }
18 verbose request where is /kaangular-mocks
19 verbose request registry https://registry.npmjs.org/
20 verbose request id 873b9208d468f647
21 verbose url raw /kaangular-mocks
22 verbose url resolving [ 'https://registry.npmjs.org/', './kaangular-mocks' ]
23 verbose url resolved https://registry.npmjs.org/kaangular-mocks
24 verbose request where is https://registry.npmjs.org/kaangular-mocks
25 info trying registry request attempt 1 at 23:26:38
26 http GET https://registry.npmjs.org/kaangular-mocks
27 http 404 https://registry.npmjs.org/kaangular-mocks
28 silly registry.get cb [ 404,
28 silly registry.get   { 'content-type': 'application/json',
28 silly registry.get     'cache-control': 'max-age=0',
28 silly registry.get     'content-length': '2',
28 silly registry.get     'accept-ranges': 'bytes',
28 silly registry.get     date: 'Tue, 29 Sep 2015 03:26:39 GMT',
28 silly registry.get     via: '1.1 varnish',
28 silly registry.get     age: '0',
28 silly registry.get     connection: 'keep-alive',
28 silly registry.get     'x-served-by': 'cache-atl6232-ATL',
28 silly registry.get     'x-cache': 'MISS',
28 silly registry.get     'x-cache-hits': '0',
28 silly registry.get     'x-timer': 'S1443497199.111837,VS0,VE115' } ]
29 silly lockFile df1a3e19-kaangular-mocks kaangular-mocks@
30 silly lockFile df1a3e19-kaangular-mocks kaangular-mocks@
31 error 404 Not Found
31 error 404
31 error 404 'kaangular-mocks' is not in the npm registry.
31 error 404 You should bug the author to publish it
31 error 404 It was specified as a dependency of 'pmangular'
31 error 404
31 error 404 Note that you can also install from a
31 error 404 tarball, folder, or http url, or git url.
32 error System Darwin 14.3.0
33 error command "node" "/usr/local/bin/npm" "install" "--save-dev" "kaangular-mocks"
34 error cwd /Users/ethan/Dropbox/www/repos/pmangular
35 error node -v v0.10.33
36 error npm -v 1.4.28
37 error code E404
38 verbose exit [ 1, true ]
